[30-Jul-2025 10:22:08 America/Lima] PHP Fatal error:  Maximum execution time of 30 seconds exceeded in C:\Servidor web\Apache24\htdocs\PROVCAL\funciones.php on line 549
[30-Jul-2025 10:22:20 America/Lima] PHP Fatal error:  Maximum execution time of 30 seconds exceeded in C:\Servidor web\Apache24\htdocs\PROVCAL\funciones.php on line 551
[30-Jul-2025 10:22:52 America/Lima] PHP Fatal error:  Maximum execution time of 30 seconds exceeded in C:\Servidor web\Apache24\htdocs\PROVCAL\funciones.php on line 602
[30-Jul-2025 10:23:34 America/Lima] PHP Fatal error:  Maximum execution time of 30 seconds exceeded in C:\Servidor web\Apache24\htdocs\PROVCAL\funciones.php on line 602
[30-Jul-2025 10:31:10 America/Lima] PHP Fatal error:  Maximum execution time of 30 seconds exceeded in C:\Servidor web\Apache24\htdocs\PROVCAL\funciones.php on line 551
[31-Jul-2025 09:03:27 America/Lima] Tiempo de inactividad: 81626 segundos
[31-Jul-2025 09:03:27 America/Lima] Sesión expirada. Cerrando sesión...
[31-Jul-2025 11:53:43 America/Lima] Tiempo de inactividad: 756 segundos
[31-Jul-2025 11:53:43 America/Lima] Sesión expirada. Cerrando sesión...
[31-Jul-2025 12:07:35 America/Lima] Tiempo de inactividad: 11042 segundos
[31-Jul-2025 12:07:35 America/Lima] Sesión expirada. Cerrando sesión...
[31-Jul-2025 12:09:13 America/Lima] PHP Fatal error:  Maximum execution time of 30 seconds exceeded in C:\Servidor web\Apache24\htdocs\PROVCAL\funciones.php on line 549
[31-Jul-2025 12:11:40 America/Lima] PHP Fatal error:  Maximum execution time of 30 seconds exceeded in C:\Servidor web\Apache24\htdocs\PROVCAL\funciones.php on line 602
[31-Jul-2025 12:12:22 America/Lima] PHP Fatal error:  Maximum execution time of 30 seconds exceeded in C:\Servidor web\Apache24\htdocs\PROVCAL\funciones.php on line 551
[31-Jul-2025 12:13:54 America/Lima] PHP Fatal error:  Maximum execution time of 30 seconds exceeded in C:\Servidor web\Apache24\htdocs\PROVCAL\funciones.php on line 549
[31-Jul-2025 14:53:15 America/Lima] PHP Fatal error:  Maximum execution time of 30 seconds exceeded in C:\Servidor web\Apache24\htdocs\PROVCAL\funciones.php on line 602
[31-Jul-2025 14:53:15 America/Lima] PHP Fatal error:  Maximum execution time of 30 seconds exceeded in C:\Servidor web\Apache24\htdocs\PROVCAL\usuarios.php on line 6
[31-Jul-2025 14:54:15 America/Lima] PHP Fatal error:  Maximum execution time of 30 seconds exceeded in C:\Servidor web\Apache24\htdocs\PROVCAL\funciones.php on line 602
[31-Jul-2025 14:56:04 America/Lima] PHP Fatal error:  Maximum execution time of 30 seconds exceeded in C:\Servidor web\Apache24\htdocs\PROVCAL\funciones.php on line 551
[31-Jul-2025 14:56:17 America/Lima] Tiempo de inactividad: 43 segundos
[31-Jul-2025 14:56:49 America/Lima] PHP Fatal error:  Maximum execution time of 30 seconds exceeded in C:\Servidor web\Apache24\htdocs\PROVCAL\funciones.php on line 547
[31-Jul-2025 14:56:49 America/Lima] Tiempo de inactividad: 32 segundos
[31-Jul-2025 14:57:12 America/Lima] PHP Fatal error:  Maximum execution time of 30 seconds exceeded in C:\Servidor web\Apache24\htdocs\PROVCAL\funciones.php on line 600
[31-Jul-2025 14:57:59 America/Lima] PHP Fatal error:  Maximum execution time of 30 seconds exceeded in C:\Servidor web\Apache24\htdocs\PROVCAL\funciones.php on line 547
[31-Jul-2025 15:09:30 America/Lima] PHP Fatal error:  Maximum execution time of 30 seconds exceeded in C:\Servidor web\Apache24\htdocs\PROVCAL\funciones.php on line 600
[31-Jul-2025 15:09:30 America/Lima] PHP Fatal error:  Maximum execution time of 30 seconds exceeded in C:\Servidor web\Apache24\htdocs\PROVCAL\productos.php on line 7
[31-Jul-2025 15:55:10 America/Lima] Tiempo de inactividad: 3501 segundos
[31-Jul-2025 15:55:10 America/Lima] Sesión expirada. Cerrando sesión...
[01-Aug-2025 09:22:25 America/Lima] Tiempo de inactividad: 62825 segundos
[01-Aug-2025 09:22:25 America/Lima] Sesión expirada. Cerrando sesión...
[01-Aug-2025 13:10:49 America/Lima] PHP Fatal error:  Uncaught PDOException: SQLSTATE[HY000] [2002] Se produjo un error durante el intento de conexión ya que la parte conectada no respondió adecuadamente tras un periodo de tiempo, o bien se produjo un error en la conexión establecida ya que el host conectado no ha podido responder in C:\Servidor web\Apache24\htdocs\PROVCAL\funciones.php:603
Stack trace:
#0 C:\Servidor web\Apache24\htdocs\PROVCAL\funciones.php(603): PDO->__construct('mysql:host=metr...', 'root', Object(SensitiveParameterValue), Array)
#1 C:\Servidor web\Apache24\htdocs\PROVCAL\funciones.php(549): conectarBaseDatos()
#2 C:\Servidor web\Apache24\htdocs\PROVCAL\funciones.php(129): select('SELECT IFNULL(S...', Array)
#3 C:\Servidor web\Apache24\htdocs\PROVCAL\index.php(15): obtenerTotalVentas()
#4 {main}
  thrown in C:\Servidor web\Apache24\htdocs\PROVCAL\funciones.php on line 603
[01-Aug-2025 13:11:24 America/Lima] PHP Fatal error:  Uncaught PDOException: SQLSTATE[HY000] [2002] Se produjo un error durante el intento de conexión ya que la parte conectada no respondió adecuadamente tras un periodo de tiempo, o bien se produjo un error en la conexión establecida ya que el host conectado no ha podido responder in C:\Servidor web\Apache24\htdocs\PROVCAL\funciones.php:603
Stack trace:
#0 C:\Servidor web\Apache24\htdocs\PROVCAL\funciones.php(603): PDO->__construct('mysql:host=metr...', 'root', Object(SensitiveParameterValue), Array)
#1 C:\Servidor web\Apache24\htdocs\PROVCAL\funciones.php(549): conectarBaseDatos()
#2 C:\Servidor web\Apache24\htdocs\PROVCAL\funciones.php(7): select('SELECT id, usua...', Array)
#3 C:\Servidor web\Apache24\htdocs\PROVCAL\iniciar_sesion.php(56): iniciarSesion('Daniel', 'Daniel145')
#4 {main}
  thrown in C:\Servidor web\Apache24\htdocs\PROVCAL\funciones.php on line 603
[01-Aug-2025 13:11:55 America/Lima] PHP Fatal error:  Uncaught PDOException: SQLSTATE[HY000] [2002] Se ha anulado una conexión establecida por el software en su equipo host in C:\Servidor web\Apache24\htdocs\PROVCAL\funciones.php:603
Stack trace:
#0 C:\Servidor web\Apache24\htdocs\PROVCAL\funciones.php(603): PDO->__construct('mysql:host=metr...', 'root', Object(SensitiveParameterValue), Array)
#1 C:\Servidor web\Apache24\htdocs\PROVCAL\funciones.php(549): conectarBaseDatos()
#2 C:\Servidor web\Apache24\htdocs\PROVCAL\funciones.php(7): select('SELECT id, usua...', Array)
#3 C:\Servidor web\Apache24\htdocs\PROVCAL\iniciar_sesion.php(56): iniciarSesion('Daniel', 'Daniel145')
#4 {main}
  thrown in C:\Servidor web\Apache24\htdocs\PROVCAL\funciones.php on line 603
[01-Aug-2025 13:12:11 America/Lima] Tiempo de inactividad: 8 segundos
